<?xml version="1.0" encoding="UTF-8"?>
<testsuite name="_1.logic.LogicApplicationTests" tests="1" skipped="0" failures="0" errors="0" timestamp="2024-11-25T11:22:11" hostname="LAPTOP-42CRBT77" time="1.152">
  <properties/>
  <testcase name="contextLoads()" classname="_1.logic.LogicApplicationTests" time="1.152"/>
  <system-out><![CDATA[20:22:01.855 [Test worker] INFO org.springframework.test.context.support.AnnotationConfigContextLoaderUtils -- Could not detect default configuration classes for test class [_1.logic.LogicApplicationTests]: LogicApplicationTests does not declare any static, non-private, non-final, nested classes annotated with @Configuration.
20:22:02.142 [Test worker] INFO org.springframework.boot.test.context.SpringBootTestContextBootstrapper -- Found @SpringBootConfiguration _1.logic.LogicApplication for test class _1.logic.LogicApplicationTests

  .   ____          _            __ _ _
 /\\ / ___'_ __ _ _(_)_ __  __ _ \ \ \ \
( ( )\___ | '_ | '_| | '_ \/ _` | \ \ \ \
 \\/  ___)| |_)| | | | | || (_| |  ) ) ) )
  '  |____| .__|_| |_|_| |_\__, | / / / /
 =========|_|==============|___/=/_/_/_/

 :: Spring Boot ::                (v3.3.5)

2024-11-25T20:22:02.985+09:00  INFO 15364 --- [logic] [    Test worker] _1.logic.LogicApplicationTests           : Starting LogicApplicationTests using Java 17.0.11 with PID 15364 (started by tlsdm in C:\Users\tlsdm\Desktop\logic\logic)
2024-11-25T20:22:02.989+09:00  INFO 15364 --- [logic] [    Test worker] _1.logic.LogicApplicationTests           : No active profile set, falling back to 1 default profile: "default"
2024-11-25T20:22:04.697+09:00  INFO 15364 --- [logic] [    Test worker] .s.d.r.c.RepositoryConfigurationDelegate : Bootstrapping Spring Data JPA repositories in DEFAULT mode.
2024-11-25T20:22:04.982+09:00  INFO 15364 --- [logic] [    Test worker] .s.d.r.c.RepositoryConfigurationDelegate : Finished Spring Data repository scanning in 260 ms. Found 2 JPA repository interfaces.
2024-11-25T20:22:06.248+09:00  INFO 15364 --- [logic] [    Test worker] com.zaxxer.hikari.HikariDataSource       : HikariPool-1 - Starting...
2024-11-25T20:22:06.857+09:00  INFO 15364 --- [logic] [    Test worker] com.zaxxer.hikari.pool.HikariPool        : HikariPool-1 - Added connection com.mysql.cj.jdbc.ConnectionImpl@440ef8d
2024-11-25T20:22:06.860+09:00  INFO 15364 --- [logic] [    Test worker] com.zaxxer.hikari.HikariDataSource       : HikariPool-1 - Start completed.
2024-11-25T20:22:06.960+09:00  INFO 15364 --- [logic] [    Test worker] o.hibernate.jpa.internal.util.LogHelper  : HHH000204: Processing PersistenceUnitInfo [name: default]
2024-11-25T20:22:07.122+09:00  INFO 15364 --- [logic] [    Test worker] org.hibernate.Version                    : HHH000412: Hibernate ORM core version 6.5.3.Final
2024-11-25T20:22:07.227+09:00  INFO 15364 --- [logic] [    Test worker] o.h.c.internal.RegionFactoryInitiator    : HHH000026: Second-level cache disabled
2024-11-25T20:22:08.054+09:00  INFO 15364 --- [logic] [    Test worker] o.s.o.j.p.SpringPersistenceUnitInfo      : No LoadTimeWeaver setup: ignoring JPA class transformer
2024-11-25T20:22:08.219+09:00  WARN 15364 --- [logic] [    Test worker] org.hibernate.orm.deprecation            : HHH90000025: MySQLDialect does not need to be specified explicitly using 'hibernate.dialect' (remove the property setting and it will be selected by default)
2024-11-25T20:22:09.633+09:00  INFO 15364 --- [logic] [    Test worker] o.h.e.t.j.p.i.JtaPlatformInitiator       : HHH000489: No JTA platform available (set 'hibernate.transaction.jta.platform' to enable JTA platform integration)
2024-11-25T20:22:09.640+09:00  INFO 15364 --- [logic] [    Test worker] j.LocalContainerEntityManagerFactoryBean : Initialized JPA EntityManagerFactory for persistence unit 'default'
2024-11-25T20:22:10.766+09:00  WARN 15364 --- [logic] [    Test worker] JpaBaseConfiguration$JpaWebConfiguration : spring.jpa.open-in-view is enabled by default. Therefore, database queries may be performed during view rendering. Explicitly configure spring.jpa.open-in-view to disable this warning
2024-11-25T20:22:11.909+09:00  INFO 15364 --- [logic] [    Test worker] _1.logic.LogicApplicationTests           : Started LogicApplicationTests in 9.383 seconds (process running for 12.541)
]]></system-out>
  <system-err><![CDATA[]]></system-err>
</testsuite>
